INFO 2025-12-28 16:14:08,774 autoreload Watching for file changes with StatReloader
INFO 2025-12-28 17:51:17,671 autoreload P:\Planora\backend\users\views.py changed, reloading.
INFO 2025-12-28 17:51:18,622 autoreload Watching for file changes with StatReloader
INFO 2025-12-28 17:51:27,128 autoreload P:\Planora\backend\users\views.py changed, reloading.
INFO 2025-12-28 17:51:28,033 autoreload Watching for file changes with StatReloader
INFO 2025-12-28 18:03:27,827 autoreload P:\Planora\backend\users\views.py changed, reloading.
INFO 2025-12-28 18:03:28,636 autoreload Watching for file changes with StatReloader
INFO 2025-12-28 18:08:35,956 autoreload P:\Planora\backend\users\views.py changed, reloading.
INFO 2025-12-28 18:08:36,938 autoreload Watching for file changes with StatReloader
INFO 2025-12-28 18:08:46,385 autoreload P:\Planora\backend\users\urls.py changed, reloading.
INFO 2025-12-28 18:08:47,318 autoreload Watching for file changes with StatReloader
INFO 2025-12-28 18:09:02,882 autoreload P:\Planora\backend\users\views.py changed, reloading.
INFO 2025-12-28 18:09:03,645 autoreload Watching for file changes with StatReloader
INFO 2025-12-28 18:09:16,979 autoreload P:\Planora\backend\users\views.py changed, reloading.
INFO 2025-12-28 18:09:19,981 autoreload Watching for file changes with StatReloader
INFO 2025-12-28 19:07:34,707 autoreload P:\Planora\backend\users\views.py changed, reloading.
INFO 2025-12-28 19:07:35,581 autoreload Watching for file changes with StatReloader
INFO 2025-12-28 19:28:10,846 autoreload P:\Planora\backend\backend\email_service.py changed, reloading.
INFO 2025-12-28 19:28:12,105 autoreload Watching for file changes with StatReloader
INFO 2025-12-28 19:28:36,330 autoreload P:\Planora\backend\users\views.py changed, reloading.
INFO 2025-12-28 19:28:37,201 autoreload Watching for file changes with StatReloader
INFO 2025-12-28 19:28:48,515 autoreload P:\Planora\backend\users\views.py changed, reloading.
INFO 2025-12-28 19:28:49,375 autoreload Watching for file changes with StatReloader
INFO 2025-12-28 19:43:37,637 autoreload P:\Planora\backend\users\views.py changed, reloading.
INFO 2025-12-28 19:43:38,727 autoreload Watching for file changes with StatReloader
INFO 2026-01-08 20:44:01,982 autoreload Watching for file changes with StatReloader
INFO 2026-01-08 20:45:42,788 autoreload Watching for file changes with StatReloader
INFO 2026-01-08 20:50:49,693 autoreload Watching for file changes with StatReloader
INFO 2026-01-08 21:51:16,895 autoreload Watching for file changes with StatReloader
INFO 2026-01-08 21:51:39,819 autoreload Watching for file changes with StatReloader
INFO 2026-01-08 21:56:55,264 autoreload Watching for file changes with StatReloader
INFO 2026-01-16 22:09:24,669 autoreload Watching for file changes with StatReloader
INFO 2026-01-16 22:12:53,295 autoreload Watching for file changes with StatReloader
INFO 2026-01-16 22:13:05,710 autoreload P:\Planora\backend\tasks\views.py changed, reloading.
INFO 2026-01-16 22:13:09,079 autoreload Watching for file changes with StatReloader
WARNING 2026-01-16 22:13:25,435 log Not Found: /
WARNING 2026-01-16 22:13:25,439 runserver [33mHTTP GET / 404 [0.04, 127.0.0.1:60308][0m
WARNING 2026-01-16 22:13:25,675 log Not Found: /favicon.ico
WARNING 2026-01-16 22:13:25,678 runserver [33mHTTP GET /favicon.ico 404 [0.01, 127.0.0.1:60308][0m
INFO 2026-01-16 22:16:31,903 autoreload Watching for file changes with StatReloader
INFO 2026-01-16 22:21:41,163 autoreload P:\Planora\backend\backend\settings.py changed, reloading.
INFO 2026-01-16 22:21:41,833 autoreload Watching for file changes with StatReloader
INFO 2026-01-16 22:21:46,935 autoreload P:\Planora\backend\backend\settings.py changed, reloading.
INFO 2026-01-16 22:21:47,519 autoreload Watching for file changes with StatReloader
INFO 2026-01-16 22:23:48,642 autoreload P:\Planora\backend\backend\settings.py changed, reloading.
INFO 2026-01-16 22:23:49,947 autoreload Watching for file changes with StatReloader
INFO 2026-01-16 22:32:06,122 autoreload P:\Planora\backend\roadmap_ai\models.py changed, reloading.
INFO 2026-01-16 22:32:06,800 autoreload Watching for file changes with StatReloader
INFO 2026-01-16 22:32:26,398 autoreload P:\Planora\backend\roadmap_ai\models.py changed, reloading.
INFO 2026-01-16 22:32:26,985 autoreload Watching for file changes with StatReloader
INFO 2026-01-16 22:32:29,817 autoreload P:\Planora\backend\roadmap_ai\models.py changed, reloading.
INFO 2026-01-16 22:32:30,380 autoreload Watching for file changes with StatReloader
INFO 2026-01-16 22:32:38,351 autoreload P:\Planora\backend\roadmap_ai\serializers.py changed, reloading.
INFO 2026-01-16 22:32:38,922 autoreload Watching for file changes with StatReloader
INFO 2026-01-16 22:32:47,943 autoreload P:\Planora\backend\roadmap_ai\serializers.py changed, reloading.
INFO 2026-01-16 22:32:48,537 autoreload Watching for file changes with StatReloader
INFO 2026-01-16 22:33:27,599 autoreload P:\Planora\backend\roadmap_ai\serializers.py changed, reloading.
INFO 2026-01-16 22:33:28,229 autoreload Watching for file changes with StatReloader
INFO 2026-01-16 22:33:43,498 autoreload P:\Planora\backend\roadmap_ai\urls.py changed, reloading.
INFO 2026-01-16 22:33:44,077 autoreload Watching for file changes with StatReloader
INFO 2026-01-16 22:34:27,518 autoreload P:\Planora\backend\tasks\models.py changed, reloading.
INFO 2026-01-16 22:34:28,273 autoreload Watching for file changes with StatReloader
INFO 2026-01-16 22:35:52,277 autoreload P:\Planora\backend\tasks\models.py changed, reloading.
INFO 2026-01-16 22:35:52,923 autoreload Watching for file changes with StatReloader
INFO 2026-01-16 22:36:26,498 autoreload P:\Planora\backend\tasks\models.py changed, reloading.
INFO 2026-01-16 22:36:27,059 autoreload Watching for file changes with StatReloader
INFO 2026-01-16 22:37:16,084 autoreload P:\Planora\backend\tasks\serializers.py changed, reloading.
INFO 2026-01-16 22:37:16,904 autoreload Watching for file changes with StatReloader
INFO 2026-01-16 22:38:07,603 autoreload P:\Planora\backend\tasks\views.py changed, reloading.
INFO 2026-01-16 22:38:08,412 autoreload Watching for file changes with StatReloader
INFO 2026-01-16 22:38:32,389 autoreload P:\Planora\backend\tasks\views.py changed, reloading.
INFO 2026-01-16 22:38:33,120 autoreload Watching for file changes with StatReloader
INFO 2026-01-16 22:38:48,143 autoreload P:\Planora\backend\roadmap_ai\models.py changed, reloading.
INFO 2026-01-16 22:38:48,954 autoreload Watching for file changes with StatReloader
INFO 2026-01-16 22:38:59,256 autoreload P:\Planora\backend\roadmap_ai\serializers.py changed, reloading.
INFO 2026-01-16 22:38:59,990 autoreload Watching for file changes with StatReloader
INFO 2026-01-16 22:39:13,318 autoreload P:\Planora\backend\roadmap_ai\serializers.py changed, reloading.
INFO 2026-01-16 22:39:14,216 autoreload Watching for file changes with StatReloader
INFO 2026-01-16 22:44:58,903 autoreload P:\Planora\backend\roadmap_ai\serializers.py changed, reloading.
INFO 2026-01-16 22:45:00,111 autoreload Watching for file changes with StatReloader
INFO 2026-01-16 23:00:00,042 autoreload P:\Planora\backend\tasks\validators.py changed, reloading.
INFO 2026-01-16 23:00:00,724 autoreload Watching for file changes with StatReloader
INFO 2026-01-16 23:00:29,132 autoreload P:\Planora\backend\tasks\models.py changed, reloading.
INFO 2026-01-16 23:00:29,836 autoreload Watching for file changes with StatReloader
INFO 2026-01-16 23:00:47,688 autoreload P:\Planora\backend\tasks\models.py changed, reloading.
INFO 2026-01-16 23:00:48,380 autoreload Watching for file changes with StatReloader
INFO 2026-01-16 23:01:25,161 autoreload P:\Planora\backend\tasks\task_views.py changed, reloading.
INFO 2026-01-16 23:01:25,866 autoreload Watching for file changes with StatReloader
INFO 2026-01-16 23:01:43,667 autoreload P:\Planora\backend\tasks\serializers.py changed, reloading.
INFO 2026-01-16 23:01:44,345 autoreload Watching for file changes with StatReloader
INFO 2026-01-16 23:02:14,834 autoreload P:\Planora\backend\tasks\task_views.py changed, reloading.
INFO 2026-01-16 23:02:15,541 autoreload Watching for file changes with StatReloader
INFO 2026-01-16 23:03:07,178 autoreload P:\Planora\backend\tasks\task_views.py changed, reloading.
INFO 2026-01-16 23:03:07,870 autoreload Watching for file changes with StatReloader
INFO 2026-01-16 23:03:23,424 autoreload P:\Planora\backend\tasks\task_views.py changed, reloading.
INFO 2026-01-16 23:03:24,114 autoreload Watching for file changes with StatReloader
INFO 2026-01-16 23:03:37,684 autoreload P:\Planora\backend\tasks\urls.py changed, reloading.
INFO 2026-01-16 23:03:38,377 autoreload Watching for file changes with StatReloader
INFO 2026-01-16 23:04:10,798 autoreload P:\Planora\backend\tasks\task_views.py changed, reloading.
INFO 2026-01-16 23:04:11,768 autoreload Watching for file changes with StatReloader
INFO 2026-01-16 23:04:14,277 autoreload P:\Planora\backend\tasks\task_views.py changed, reloading.
INFO 2026-01-16 23:04:15,036 autoreload Watching for file changes with StatReloader
INFO 2026-01-16 23:04:52,949 autoreload P:\Planora\backend\tasks\stagnation.py changed, reloading.
INFO 2026-01-16 23:04:53,806 autoreload Watching for file changes with StatReloader
INFO 2026-01-16 23:06:04,221 autoreload P:\Planora\backend\tasks\validators.py changed, reloading.
INFO 2026-01-16 23:06:04,965 autoreload Watching for file changes with StatReloader
INFO 2026-01-16 23:09:27,593 autoreload P:\Planora\backend\tasks\models.py changed, reloading.
INFO 2026-01-16 23:09:28,273 autoreload Watching for file changes with StatReloader
INFO 2026-01-16 23:10:52,924 autoreload P:\Planora\backend\tasks\task_views.py changed, reloading.
INFO 2026-01-16 23:10:53,611 autoreload Watching for file changes with StatReloader
INFO 2026-01-16 23:11:04,044 autoreload P:\Planora\backend\tasks\task_views.py changed, reloading.
INFO 2026-01-16 23:11:04,747 autoreload Watching for file changes with StatReloader
INFO 2026-01-16 23:11:55,375 autoreload P:\Planora\backend\tasks\urls.py changed, reloading.
INFO 2026-01-16 23:11:56,060 autoreload Watching for file changes with StatReloader
INFO 2026-01-16 23:12:43,394 autoreload P:\Planora\backend\tasks\admin_views.py changed, reloading.
INFO 2026-01-16 23:12:44,043 autoreload Watching for file changes with StatReloader
INFO 2026-01-16 23:13:01,956 autoreload P:\Planora\backend\tasks\task_views.py changed, reloading.
INFO 2026-01-16 23:13:02,744 autoreload Watching for file changes with StatReloader
INFO 2026-01-16 23:17:09,608 autoreload P:\Planora\backend\tasks\task_views.py changed, reloading.
INFO 2026-01-16 23:17:10,756 autoreload Watching for file changes with StatReloader
INFO 2026-01-16 23:19:08,090 autoreload P:\Planora\backend\tasks\urls.py changed, reloading.
INFO 2026-01-16 23:19:08,789 autoreload Watching for file changes with StatReloader
INFO 2026-01-16 23:19:12,974 autoreload P:\Planora\backend\tasks\urls.py changed, reloading.
INFO 2026-01-16 23:19:13,666 autoreload Watching for file changes with StatReloader
INFO 2026-01-16 23:19:18,823 autoreload P:\Planora\backend\tasks\urls.py changed, reloading.
INFO 2026-01-16 23:19:19,516 autoreload Watching for file changes with StatReloader
INFO 2026-01-16 23:19:58,357 autoreload P:\Planora\backend\tasks\resume_compiler.py changed, reloading.
INFO 2026-01-16 23:19:59,043 autoreload Watching for file changes with StatReloader
INFO 2026-01-16 23:20:50,243 autoreload P:\Planora\backend\tasks\resume_models.py changed, reloading.
INFO 2026-01-16 23:20:51,185 autoreload Watching for file changes with StatReloader
INFO 2026-01-16 23:27:45,383 basehttp "POST /api/users/login/ HTTP/1.1" 200 620
WARNING 2026-01-16 23:27:46,953 log Not Found: /users/profile/
WARNING 2026-01-16 23:27:46,958 basehttp "GET /users/profile/ HTTP/1.1" 404 179
WARNING 2026-01-16 23:27:46,974 log Not Found: /users/profile/
WARNING 2026-01-16 23:27:46,976 basehttp "GET /users/profile/ HTTP/1.1" 404 179
WARNING 2026-01-16 23:28:18,839 log Not Found: /users/update-profile/
WARNING 2026-01-16 23:28:18,840 basehttp "PATCH /users/update-profile/ HTTP/1.1" 404 179
WARNING 2026-01-16 23:28:30,519 log Not Found: /api/api/users/profile/
WARNING 2026-01-16 23:28:30,540 basehttp "GET /api/api/users/profile/ HTTP/1.1" 404 179
INFO 2026-01-16 23:28:30,675 basehttp "GET /api/dashboard/stats/ HTTP/1.1" 200 261
WARNING 2026-01-16 23:28:30,688 log Not Found: /api/api/users/statistics/
WARNING 2026-01-16 23:28:30,691 basehttp "GET /api/api/users/statistics/ HTTP/1.1" 404 179
WARNING 2026-01-16 23:28:30,714 log Not Found: /api/api/subscriptions/current/
WARNING 2026-01-16 23:28:30,723 basehttp "GET /api/api/subscriptions/current/ HTTP/1.1" 404 179
ERROR 2026-01-16 23:28:30,731 log Internal Server Error: /api/tasks/
Traceback (most recent call last):
  File "P:\Planora\.venv\Lib\site-packages\django\db\backends\utils.py", line 105, in _execute
    return self.cursor.execute(sql, params)
           ~~~~~~~~~~~~~~~~~~~^^^^^^^^^^^^^
psycopg2.errors.UndefinedColumn: column tasks_task.weight does not exist
LINE 1: ...ask"."max_attempts", "tasks_task"."is_core_task", "tasks_tas...
                                                             ^


The above exception was the direct cause of the following exception:

Traceback (most recent call last):
  File "P:\Planora\.venv\Lib\site-packages\django\core\handlers\exception.py", line 55, in inner
    response = get_response(request)
  File "P:\Planora\.venv\Lib\site-packages\django\core\handlers\base.py", line 197, in _get_response
    response = wrapped_callback(request, *callback_args, **callback_kwargs)
  File "P:\Planora\.venv\Lib\site-packages\django\views\decorators\csrf.py", line 65, in _view_wrapper
    return view_func(request, *args, **kwargs)
  File "P:\Planora\.venv\Lib\site-packages\rest_framework\viewsets.py", line 125, in view
    return self.dispatch(request, *args, **kwargs)
           ~~~~~~~~~~~~~^^^^^^^^^^^^^^^^^^^^^^^^^^
  File "P:\Planora\.venv\Lib\site-packages\rest_framework\views.py", line 515, in dispatch
    response = self.handle_exception(exc)
  File "P:\Planora\.venv\Lib\site-packages\rest_framework\views.py", line 475, in handle_exception
    self.raise_uncaught_exception(exc)
    ~~~~~~~~~~~~~~~~~~~~~~~~~~~~~^^^^^
  File "P:\Planora\.venv\Lib\site-packages\rest_framework\views.py", line 486, in raise_uncaught_exception
    raise exc
  File "P:\Planora\.venv\Lib\site-packages\rest_framework\views.py", line 512, in dispatch
    response = handler(request, *args, **kwargs)
  File "P:\Planora\.venv\Lib\site-packages\rest_framework\mixins.py", line 46, in list
    return Response(serializer.data)
                    ^^^^^^^^^^^^^^^
  File "P:\Planora\.venv\Lib\site-packages\rest_framework\serializers.py", line 797, in data
    ret = super().data
          ^^^^^^^^^^^^
  File "P:\Planora\.venv\Lib\site-packages\rest_framework\serializers.py", line 251, in data
    self._data = self.to_representation(self.instance)
                 ~~~~~~~~~~~~~~~~~~~~~~^^^^^^^^^^^^^^^
  File "P:\Planora\.venv\Lib\site-packages\rest_framework\serializers.py", line 716, in to_representation
    self.child.to_representation(item) for item in iterable
                                                   ^^^^^^^^
  File "P:\Planora\.venv\Lib\site-packages\django\db\models\query.py", line 384, in __iter__
    self._fetch_all()
    ~~~~~~~~~~~~~~~^^
  File "P:\Planora\.venv\Lib\site-packages\django\db\models\query.py", line 1949, in _fetch_all
    self._result_cache = list(self._iterable_class(self))
                         ~~~~^^^^^^^^^^^^^^^^^^^^^^^^^^^^
  File "P:\Planora\.venv\Lib\site-packages\django\db\models\query.py", line 91, in __iter__
    results = compiler.execute_sql(
        chunked_fetch=self.chunked_fetch, chunk_size=self.chunk_size
    )
  File "P:\Planora\.venv\Lib\site-packages\django\db\models\sql\compiler.py", line 1623, in execute_sql
    cursor.execute(sql, params)
    ~~~~~~~~~~~~~~^^^^^^^^^^^^^
  File "P:\Planora\.venv\Lib\site-packages\django\db\backends\utils.py", line 79, in execute
    return self._execute_with_wrappers(
           ~~~~~~~~~~~~~~~~~~~~~~~~~~~^
        sql, params, many=False, executor=self._execute
        ^^^^^^^^^^^^^^^^^^^^^^^^^^^^^^^^^^^^^^^^^^^^^^^
    )
    ^
  File "P:\Planora\.venv\Lib\site-packages\django\db\backends\utils.py", line 92, in _execute_with_wrappers
    return executor(sql, params, many, context)
  File "P:\Planora\.venv\Lib\site-packages\django\db\backends\utils.py", line 100, in _execute
    with self.db.wrap_database_errors:
         ^^^^^^^^^^^^^^^^^^^^^^^^^^^^
  File "P:\Planora\.venv\Lib\site-packages\django\db\utils.py", line 91, in __exit__
    raise dj_exc_value.with_traceback(traceback) from exc_value
  File "P:\Planora\.venv\Lib\site-packages\django\db\backends\utils.py", line 105, in _execute
    return self.cursor.execute(sql, params)
           ~~~~~~~~~~~~~~~~~~~^^^^^^^^^^^^^
django.db.utils.ProgrammingError: column tasks_task.weight does not exist
LINE 1: ...ask"."max_attempts", "tasks_task"."is_core_task", "tasks_tas...
                                                             ^

WARNING 2026-01-16 23:28:30,735 log Not Found: /api/api/users/profile/
WARNING 2026-01-16 23:28:30,763 basehttp "GET /api/api/users/profile/ HTTP/1.1" 404 179
ERROR 2026-01-16 23:28:30,763 basehttp "GET /api/tasks/ HTTP/1.1" 500 145
WARNING 2026-01-16 23:28:30,784 log Not Found: /api/api/users/statistics/
WARNING 2026-01-16 23:28:30,785 basehttp "GET /api/api/users/statistics/ HTTP/1.1" 404 179
WARNING 2026-01-16 23:28:30,794 log Not Found: /api/api/subscriptions/current/
WARNING 2026-01-16 23:28:30,798 basehttp "GET /api/api/subscriptions/current/ HTTP/1.1" 404 179
WARNING 2026-01-16 23:28:30,811 log Not Found: /api/api/users/profile/
WARNING 2026-01-16 23:28:30,818 basehttp "GET /api/api/users/profile/ HTTP/1.1" 404 179
WARNING 2026-01-16 23:28:30,827 log Not Found: /api/api/users/profile/
WARNING 2026-01-16 23:28:30,828 basehttp "GET /api/api/users/profile/ HTTP/1.1" 404 179
INFO 2026-01-16 23:28:30,872 basehttp "GET /api/dashboard/stats/ HTTP/1.1" 200 261
WARNING 2026-01-16 23:28:30,888 log Not Found: /api/api/portfolio/my_portfolio/
ERROR 2026-01-16 23:28:30,893 log Internal Server Error: /api/tasks/
Traceback (most recent call last):
  File "P:\Planora\.venv\Lib\site-packages\django\db\backends\utils.py", line 105, in _execute
    return self.cursor.execute(sql, params)
           ~~~~~~~~~~~~~~~~~~~^^^^^^^^^^^^^
psycopg2.errors.UndefinedColumn: column tasks_task.weight does not exist
LINE 1: ...ask"."max_attempts", "tasks_task"."is_core_task", "tasks_tas...
                                                             ^


The above exception was the direct cause of the following exception:

Traceback (most recent call last):
  File "P:\Planora\.venv\Lib\site-packages\django\core\handlers\exception.py", line 55, in inner
    response = get_response(request)
  File "P:\Planora\.venv\Lib\site-packages\django\core\handlers\base.py", line 197, in _get_response
    response = wrapped_callback(request, *callback_args, **callback_kwargs)
  File "P:\Planora\.venv\Lib\site-packages\django\views\decorators\csrf.py", line 65, in _view_wrapper
    return view_func(request, *args, **kwargs)
  File "P:\Planora\.venv\Lib\site-packages\rest_framework\viewsets.py", line 125, in view
    return self.dispatch(request, *args, **kwargs)
           ~~~~~~~~~~~~~^^^^^^^^^^^^^^^^^^^^^^^^^^
  File "P:\Planora\.venv\Lib\site-packages\rest_framework\views.py", line 515, in dispatch
    response = self.handle_exception(exc)
  File "P:\Planora\.venv\Lib\site-packages\rest_framework\views.py", line 475, in handle_exception
    self.raise_uncaught_exception(exc)
    ~~~~~~~~~~~~~~~~~~~~~~~~~~~~~^^^^^
  File "P:\Planora\.venv\Lib\site-packages\rest_framework\views.py", line 486, in raise_uncaught_exception
    raise exc
  File "P:\Planora\.venv\Lib\site-packages\rest_framework\views.py", line 512, in dispatch
    response = handler(request, *args, **kwargs)
  File "P:\Planora\.venv\Lib\site-packages\rest_framework\mixins.py", line 46, in list
    return Response(serializer.data)
                    ^^^^^^^^^^^^^^^
  File "P:\Planora\.venv\Lib\site-packages\rest_framework\serializers.py", line 797, in data
    ret = super().data
          ^^^^^^^^^^^^
  File "P:\Planora\.venv\Lib\site-packages\rest_framework\serializers.py", line 251, in data
    self._data = self.to_representation(self.instance)
                 ~~~~~~~~~~~~~~~~~~~~~~^^^^^^^^^^^^^^^
  File "P:\Planora\.venv\Lib\site-packages\rest_framework\serializers.py", line 716, in to_representation
    self.child.to_representation(item) for item in iterable
                                                   ^^^^^^^^
  File "P:\Planora\.venv\Lib\site-packages\django\db\models\query.py", line 384, in __iter__
    self._fetch_all()
    ~~~~~~~~~~~~~~~^^
  File "P:\Planora\.venv\Lib\site-packages\django\db\models\query.py", line 1949, in _fetch_all
    self._result_cache = list(self._iterable_class(self))
                         ~~~~^^^^^^^^^^^^^^^^^^^^^^^^^^^^
  File "P:\Planora\.venv\Lib\site-packages\django\db\models\query.py", line 91, in __iter__
    results = compiler.execute_sql(
        chunked_fetch=self.chunked_fetch, chunk_size=self.chunk_size
    )
  File "P:\Planora\.venv\Lib\site-packages\django\db\models\sql\compiler.py", line 1623, in execute_sql
    cursor.execute(sql, params)
    ~~~~~~~~~~~~~~^^^^^^^^^^^^^
  File "P:\Planora\.venv\Lib\site-packages\django\db\backends\utils.py", line 79, in execute
    return self._execute_with_wrappers(
           ~~~~~~~~~~~~~~~~~~~~~~~~~~~^
        sql, params, many=False, executor=self._execute
        ^^^^^^^^^^^^^^^^^^^^^^^^^^^^^^^^^^^^^^^^^^^^^^^
    )
    ^
  File "P:\Planora\.venv\Lib\site-packages\django\db\backends\utils.py", line 92, in _execute_with_wrappers
    return executor(sql, params, many, context)
  File "P:\Planora\.venv\Lib\site-packages\django\db\backends\utils.py", line 100, in _execute
    with self.db.wrap_database_errors:
         ^^^^^^^^^^^^^^^^^^^^^^^^^^^^
  File "P:\Planora\.venv\Lib\site-packages\django\db\utils.py", line 91, in __exit__
    raise dj_exc_value.with_traceback(traceback) from exc_value
  File "P:\Planora\.venv\Lib\site-packages\django\db\backends\utils.py", line 105, in _execute
    return self.cursor.execute(sql, params)
           ~~~~~~~~~~~~~~~~~~~^^^^^^^^^^^^^
django.db.utils.ProgrammingError: column tasks_task.weight does not exist
LINE 1: ...ask"."max_attempts", "tasks_task"."is_core_task", "tasks_tas...
                                                             ^

WARNING 2026-01-16 23:28:30,894 basehttp "GET /api/api/portfolio/my_portfolio/ HTTP/1.1" 404 179
WARNING 2026-01-16 23:28:30,905 log Not Found: /api/api/portfolio/my_portfolio/
ERROR 2026-01-16 23:28:30,906 basehttp "GET /api/tasks/ HTTP/1.1" 500 145
WARNING 2026-01-16 23:28:30,910 basehttp "GET /api/api/portfolio/my_portfolio/ HTTP/1.1" 404 179
WARNING 2026-01-16 23:28:30,938 log Not Found: /api/api/portfolio/my_portfolio/
WARNING 2026-01-16 23:28:30,942 basehttp "GET /api/api/portfolio/my_portfolio/ HTTP/1.1" 404 179
WARNING 2026-01-16 23:28:30,959 log Not Found: /api/api/portfolio/my_portfolio/
WARNING 2026-01-16 23:28:30,960 basehttp "GET /api/api/portfolio/my_portfolio/ HTTP/1.1" 404 179
INFO 2026-01-16 23:28:31,027 basehttp "GET /api/scheduler/events/ HTTP/1.1" 200 2
INFO 2026-01-16 23:28:31,142 basehttp "GET /api/scheduler/events/ HTTP/1.1" 200 2
WARNING 2026-01-16 23:28:40,981 log Not Found: /resume/list/
WARNING 2026-01-16 23:28:40,992 basehttp "GET /resume/list/ HTTP/1.1" 404 179
WARNING 2026-01-16 23:28:41,025 log Not Found: /resume/list/
WARNING 2026-01-16 23:28:41,040 basehttp "GET /resume/list/ HTTP/1.1" 404 179
INFO 2026-01-16 23:28:54,008 basehttp "GET /api/roadmap/projects/ HTTP/1.1" 200 2
INFO 2026-01-16 23:28:54,077 basehttp "GET /api/roadmap/list/ HTTP/1.1" 200 2
INFO 2026-01-16 23:28:54,143 basehttp "GET /api/roadmap/projects/ HTTP/1.1" 200 2
INFO 2026-01-16 23:28:54,196 basehttp "GET /api/roadmap/list/ HTTP/1.1" 200 2
INFO 2026-01-16 23:28:55,952 basehttp "GET /api/roadmap/list/ HTTP/1.1" 200 2
INFO 2026-01-16 23:28:56,022 basehttp "GET /api/roadmap/list/ HTTP/1.1" 200 2
ERROR 2026-01-16 23:29:08,360 log Internal Server Error: /api/roadmap/generate/
ERROR 2026-01-16 23:29:08,361 basehttp "POST /api/roadmap/generate/ HTTP/1.1" 500 669
INFO 2026-01-16 23:33:21,180 autoreload Watching for file changes with StatReloader
INFO 2026-01-16 23:35:39,816 basehttp "POST /api/users/login/ HTTP/1.1" 200 620
WARNING 2026-01-16 23:35:41,426 log Not Found: /users/profile/
WARNING 2026-01-16 23:35:41,431 basehttp "GET /users/profile/ HTTP/1.1" 404 179
WARNING 2026-01-16 23:35:41,461 log Not Found: /users/profile/
WARNING 2026-01-16 23:35:41,462 basehttp "GET /users/profile/ HTTP/1.1" 404 179
WARNING 2026-01-16 23:36:26,353 log Not Found: /users/update-profile/
WARNING 2026-01-16 23:36:26,357 basehttp "PATCH /users/update-profile/ HTTP/1.1" 404 179
WARNING 2026-01-16 23:41:53,011 log Not Found: /users/profile/
WARNING 2026-01-16 23:41:53,011 basehttp "GET /users/profile/ HTTP/1.1" 404 179
INFO 2026-01-16 23:41:53,097 basehttp "GET /api/subscriptions/current/ HTTP/1.1" 200 58
WARNING 2026-01-16 23:41:53,106 log Not Found: /users/profile/
WARNING 2026-01-16 23:41:53,107 basehttp "GET /users/profile/ HTTP/1.1" 404 179
WARNING 2026-01-16 23:42:11,459 log Not Found: /users/update-profile/
WARNING 2026-01-16 23:42:11,461 basehttp "PATCH /users/update-profile/ HTTP/1.1" 404 179
INFO 2026-01-16 23:42:19,348 basehttp "GET /api/users/profile/ HTTP/1.1" 200 404
INFO 2026-01-16 23:42:19,384 basehttp "GET /api/tasks/ HTTP/1.1" 200 2
INFO 2026-01-16 23:42:19,391 basehttp "GET /api/dashboard/stats/ HTTP/1.1" 200 261
INFO 2026-01-16 23:42:19,489 basehttp "GET /api/subscriptions/current/ HTTP/1.1" 200 58
INFO 2026-01-16 23:42:19,500 basehttp "GET /api/users/profile/ HTTP/1.1" 200 404
INFO 2026-01-16 23:42:19,500 basehttp "GET /api/users/statistics/ HTTP/1.1" 200 428
INFO 2026-01-16 23:42:19,587 basehttp "GET /api/tasks/ HTTP/1.1" 200 2
INFO 2026-01-16 23:42:19,621 basehttp "GET /api/subscriptions/current/ HTTP/1.1" 200 58
INFO 2026-01-16 23:42:19,647 basehttp "GET /api/dashboard/stats/ HTTP/1.1" 200 261
INFO 2026-01-16 23:42:19,694 basehttp "GET /api/users/profile/ HTTP/1.1" 200 404
INFO 2026-01-16 23:42:19,782 basehttp "GET /api/users/statistics/ HTTP/1.1" 200 428
INFO 2026-01-16 23:42:19,810 basehttp "GET /api/scheduler/events/ HTTP/1.1" 200 2
INFO 2026-01-16 23:42:19,828 basehttp "GET /api/users/profile/ HTTP/1.1" 200 404
INFO 2026-01-16 23:42:19,851 basehttp "GET /api/portfolio/my_portfolio/ HTTP/1.1" 200 459
INFO 2026-01-16 23:42:19,938 basehttp "GET /api/scheduler/events/ HTTP/1.1" 200 2
INFO 2026-01-16 23:42:19,990 basehttp "GET /api/portfolio/my_portfolio/ HTTP/1.1" 200 459
INFO 2026-01-16 23:42:20,105 basehttp "GET /api/portfolio/my_portfolio/ HTTP/1.1" 200 459
INFO 2026-01-16 23:42:20,204 basehttp "GET /api/portfolio/my_portfolio/ HTTP/1.1" 200 459
WARNING 2026-01-16 23:42:32,420 log Not Found: /resume/list/
WARNING 2026-01-16 23:42:32,432 basehttp "GET /resume/list/ HTTP/1.1" 404 179
WARNING 2026-01-16 23:42:32,467 log Not Found: /resume/list/
WARNING 2026-01-16 23:42:32,489 basehttp "GET /resume/list/ HTTP/1.1" 404 179
WARNING 2026-01-16 23:42:37,872 log Not Found: /api/tasks/resume/
WARNING 2026-01-16 23:42:37,873 basehttp "GET /api/tasks/resume/ HTTP/1.1" 404 23
WARNING 2026-01-16 23:42:37,925 log Not Found: /api/tasks/resume/
WARNING 2026-01-16 23:42:37,926 basehttp "GET /api/tasks/resume/ HTTP/1.1" 404 23
INFO 2026-01-16 23:42:44,074 basehttp "GET /api/subscriptions/current/ HTTP/1.1" 200 58
INFO 2026-01-16 23:42:44,151 basehttp "GET /api/subscriptions/current/ HTTP/1.1" 200 58
WARNING 2026-01-16 23:42:44,682 log Not Found: /api/tasks/resume/
INFO 2026-01-16 23:42:44,682 basehttp "GET /api/users/profile/ HTTP/1.1" 200 404
WARNING 2026-01-16 23:42:44,686 basehttp "GET /api/tasks/resume/ HTTP/1.1" 404 23
WARNING 2026-01-16 23:42:44,759 log Not Found: /api/tasks/resume/
WARNING 2026-01-16 23:42:44,763 basehttp "GET /api/tasks/resume/ HTTP/1.1" 404 23
INFO 2026-01-16 23:42:44,765 basehttp "GET /api/users/profile/ HTTP/1.1" 200 404
INFO 2026-01-16 23:42:47,651 basehttp "GET /api/roadmap/list/ HTTP/1.1" 200 2
INFO 2026-01-16 23:42:47,720 basehttp "GET /api/roadmap/list/ HTTP/1.1" 200 2
WARNING 2026-01-16 23:42:51,473 log Not Found: /api/tasks/resume/
WARNING 2026-01-16 23:42:51,477 basehttp "GET /api/tasks/resume/ HTTP/1.1" 404 23
WARNING 2026-01-16 23:42:51,657 log Not Found: /api/tasks/resume/
WARNING 2026-01-16 23:42:51,658 basehttp "GET /api/tasks/resume/ HTTP/1.1" 404 23
WARNING 2026-01-16 23:42:59,570 log Not Found: /users/profile/
WARNING 2026-01-16 23:42:59,571 basehttp "GET /users/profile/ HTTP/1.1" 404 179
WARNING 2026-01-16 23:42:59,577 log Not Found: /users/profile/
WARNING 2026-01-16 23:42:59,591 basehttp "GET /users/profile/ HTTP/1.1" 404 179
INFO 2026-01-16 23:47:53,826 autoreload P:\Planora\backend\users\models.py changed, reloading.
INFO 2026-01-16 23:47:54,610 autoreload Watching for file changes with StatReloader
INFO 2026-01-16 23:54:07,339 autoreload P:\Planora\backend\users\models.py changed, reloading.
INFO 2026-01-16 23:54:08,809 autoreload Watching for file changes with StatReloader
INFO 2026-01-16 23:54:20,140 autoreload P:\Planora\backend\users\serializers.py changed, reloading.
INFO 2026-01-16 23:54:21,753 autoreload Watching for file changes with StatReloader
INFO 2026-01-16 23:54:30,040 autoreload P:\Planora\backend\users\views.py changed, reloading.
INFO 2026-01-16 23:54:31,075 autoreload Watching for file changes with StatReloader
INFO 2026-01-16 23:54:34,904 autoreload P:\Planora\backend\users\serializers.py changed, reloading.
INFO 2026-01-16 23:54:37,006 autoreload Watching for file changes with StatReloader
INFO 2026-01-16 23:55:07,925 autoreload Watching for file changes with StatReloader
